Directory: /storage/emulated/0/Apktool_M/Grok_v1.0.36-release.00(11036900)_src
Search: fail
Parameters: by file content, regular expressions, case sensitive, recursive search
Total: 1033

File: smali_classes2/me/saket/telephoto/zoomable/a.smali
line 60:     const-string v2, "Check failed."

File: smali_classes3/G9/a.smali
line 1007:     const-string v5, " failed to release!"

File: smali_classes3/Q9/a.smali
line 54: ...off. Consider filing a bug if fails consistently."

File: smali_classes3/V8/a.smali
line 256: ...rtisingIdClient unbindService failed."
line 464: ... const-string v1, "Connection failure"

File: smali_classes3/o0.1/a.smali
line 561: ...st-string v4, "WebSocket conn failed with error: "
line 621: ...  const-string v2, "WebSocket failed with status: "
line 722: ... const-string v0, "Connection failed"

File: smali_classes3/u.1/a.smali
line 145:     const-string v1, "on_fail"
line 158: ...    const-string v0, "ChartJS failed to load: "

File: smali/D3/a.smali
line 25:     const-string p1, "Check failed."

File: smali/Sf/a.smali
line 189:     const-string p1, "Check failed."
line 203:     const-string p1, "Check failed."

File: smali/Tf/a.smali
line 1041:     const-string v2, "Check failed."
line 1267:     const-string v0, "Check failed."
line 1297:     const-string v0, "Check failed."

File: smali/Wf/a.smali
line 51:     const-string v2, "failed to delete "
line 112:     const-string v1, "failed to delete "
line 189:     const-string v2, "failed to rename "

File: smali/n5/a.smali
line 3237: ...el was consumed, consumer had failed"

File: smali/dg/A.smali
line 142:     const-string v2, "failed to move "
line 222:     const-string v1, "failed to create directory: "
line 276:     const-string v2, "failed to delete "
line 350:     const-string v2, "failed to list "

File: smali_classes2/ce/A0.smali
line 635:     const-string v4, " failed, retrying with another region: "

File: smali_classes3/D9/a1.1.smali
line 381: ...const-string v3, "Message ack failed: "

File: smali/com/google/android/gms/internal/measurement/A3.smali
line 31: ...dience.fix_skip_audience_with_failed_filters"

File: smali_classes3/android/gov/nist/javax/sip/stack/timers/AffinitityExecutorSipTimer$ScheduledSipTimerTask.smali
line 60: ...ing v2, "SIP stack timer task failed due to exception:"

File: smali_classes2/livekit/org/webrtc/AndroidVideoDecoder.smali
line 902: ... const-string p2, "initDecode failed"
line 1429: ...tring v2, "Media decoder stop failed"
line 1446: ...ng v2, "Media decoder release failed"
line 1826: ...-string v0, "queueInputBuffer failed"
line 1851:     const-string v1, " failed"
line 1870: ...tring v0, "dequeueInputBuffer failed"
line 2039: ...ring v2, "deliverDecodedFrame failed"

File: smali/com/google/android/gms/measurement/internal/AppMeasurementDynamiteService.smali
line 353: ...st-string v2, "getGoogleAppId failed with exception"

File: smali_classes2/io/intercom/android/sdk/helpcenter/search/ArticleSearchViewModel.smali
line 408: ...d/sdk/metrics/MetricTracker;->failedHelpCenter(Ljava/lang/String;Ljava/lang/String;Ljava/lang/String;Z)V

File: smali_classes2/io/intercom/android/sdk/helpcenter/articles/ArticleViewModel.smali
line 477: ...d/sdk/metrics/MetricTracker;->failedHelpCenter(Ljava/lang/String;Ljava/lang/String;Ljava/lang/String;Z)V

File: smali_classes2/io/intercom/android/sdk/views/compose/AttributeCollectorCardKt$AttributeCollectorCard$2.smali
line 38: .field final synthetic $failedAttributeIdentifiers:Ljava/util/List;
line 98: ...t$AttributeCollectorCard$2;->$failedAttributeIdentifiers:Ljava/util/List;
line 280: ...t$AttributeCollectorCard$2;->$failedAttributeIdentifiers:Ljava/util/List;

File: smali/dg/b.1.smali
line 557:     const-string v1, "Check failed."
line 679: ...const-string v0, "getsockname failed"

File: smali/g.1/b.1.smali
line 456: ...string v12, "age_verification_failed"
line 492: ...-string v12, "restart_backend_fail"
line 592: ...-string v12, "prolong_session_fail"
line 938: ...-string v12, "chat_regenerate_failed_message_pressed"

File: smali_classes3/B5/B.smali
line 3066:     const-string v1, " (failed to query capabilities)"

File: smali_classes3/H9/b.smali
line 31:     const-string p0, "failure"

File: smali_classes3/M7/b.smali
line 1292:     const-string v1, "Check failed."

File: smali_classes3/e8.1/b.smali
line 841: ...onst-string v0, "Reconnection failed with result: "
line 3904: ...onst-string v9, "Reconnection failed with result: "
line 3975: ...onst-string v0, "Reconnection failed due to timeout limit reached."

File: smali_classes3/tc.1/b.smali
line 79: ...   const-string v1, "Download failed for "

File: smali_classes3/u1.1/b.smali
line 356:     const-string p1, "Check failed."

File: smali_classes3/ba/b.smali
line 279: ...parsing experiment start time failed."

File: smali/Of/B.smali
line 590:     const-string v2, "Check failed."

File: smali/Ob/b.smali
line 1550: ...    const-string v2, "Request failed after multiple retries."

File: smali/Rf/b.smali
line 236: ...   const-string p2, "schedule failed (queue is shutdown)"

File: smali/b9/b.smali
line 319: ...  const-string v3, "Messenger failed, fallback to startService"

File: smali_classes3/B1/b0.1.smali
line 635: ...v7, "getCameraCharacteristics failed"

File: smali_classes3/cd/b3.1.smali
line 53:     const-string v0, "failLink"

File: smali/io/intercom/android/sdk/api/BaseCallback.smali
line 76: ...   const-string v0, "Api call failed"

File: smali_classes2/io/intercom/android/sdk/m5/conversation/ui/components/row/BubbleMessageRowKt$BubbleMessageRow$6$1$1$1.smali
line 30: .field final synthetic $failedAttributeIdentifiers:Ljava/util/List;
line 40: .field final synthetic $failedImageUploadData:Lio/intercom/android/sdk/m5/conversation/states/PendingMessage$FailedImageUploadData...
line 125: ...t$BubbleMessageRow$6$1$1$1;->$failedAttributeIdentifiers:Ljava/util/List;
line 139: ...t$BubbleMessageRow$6$1$1$1;->$failedImageUploadData:Lio/intercom/android/sdk/m5/conversation/states/PendingMessage$FailedImageUplo...
line 208: ...t$BubbleMessageRow$6$1$1$1;->$failedAttributeIdentifiers:Ljava/util/List;
line 222: ...t$BubbleMessageRow$6$1$1$1;->$failedImageUploadData:Lio/intercom/android/sdk/m5/conversation/states/PendingMessage$FailedImageUplo...

File: smali_classes2/io/intercom/android/sdk/m5/conversation/ui/components/row/BubbleMessageRowKt$BubbleMessageRow$6.smali
line 30: .field final synthetic $failedAttributeIdentifiers:Ljava/util/List;
line 40: .field final synthetic $failedImageUploadData:Lio/intercom/android/sdk/m5/conversation/states/PendingMessage$FailedImageUploadData...
line 42: .field final synthetic $failedMessage:Lio/intercom/android/sdk/m5/conversation/ui/components/row/FailedMessage;
line 107: ...geRowKt$BubbleMessageRow$6;->$failedMessage:Lio/intercom/android/sdk/m5/conversation/ui/components/row/FailedMessage;
line 113: ...geRowKt$BubbleMessageRow$6;->$failedAttributeIdentifiers:Ljava/util/List;
line 123: ...geRowKt$BubbleMessageRow$6;->$failedImageUploadData:Lio/intercom/android/sdk/m5/conversation/states/PendingMessage$FailedImageUplo...
line 605: ...geRowKt$BubbleMessageRow$6;->$failedMessage:Lio/intercom/android/sdk/m5/conversation/ui/components/row/FailedMessage;
line 611: ...geRowKt$BubbleMessageRow$6;->$failedAttributeIdentifiers:Ljava/util/List;
line 621: ...geRowKt$BubbleMessageRow$6;->$failedImageUploadData:Lio/intercom/android/sdk/m5/conversation/states/PendingMessage$FailedImageUplo...

File: smali_classes2/io/intercom/android/sdk/m5/conversation/ui/components/row/BubbleMessageRowKt.smali
line 985:     const-string v1, "failedAttributeIdentifiers"
line 1851:     const-string v0, "$failedAttributeIdentifiers"

File: smali_classes2/Gf/c.1.smali
line 42:     const-string p2, "Check failed."

File: smali/D9/c.1.smali
line 1795: ...   const-string v1, "Skipping failed audience ID"

File: smali_classes3/F9/c.smali
line 604: ...ring v7, "update.precondition.failures:blocking.destructive.intent"
line 621: ...ring v1, "update.precondition.failures:nonblocking.destructive.intent"
line 638: ...ring v1, "update.precondition.failures:blocking.intent"
line 655: ...ring v0, "update.precondition.failures:nonblocking.intent"

File: smali_classes3/M4/c.smali
line 610: ...ing clear credential sign out failed with "

File: smali_classes3/Wa/c.smali
line 659:     const-string v2, "URL fails allowlist rule: "

File: smali_classes3/Z6/C.smali
line 124: ...g v1, "Firebase Installations failed to get installation ID for fetch."
line 151: ...g v1, "Firebase Installations failed to get installation auth token for fetch."

File: smali/Rf/c.smali
line 257:     const-string p2, "Check failed."

File: smali/i7.1/c.smali
line 1725: ..."stopFragment(%s): snapshot() failed"
line 1771: ..., "onFragmentPaused: recorder failed to trace %s"
line 2190: ...startFragment(%s): snapshot() failed"

File: smali/d7/c.smali
line 1128: ...ing v6, "<faulty JobScheduler failed to getPendingJobs>"

File: smali/fb/c.smali
line 259: ...2, "Reading from storage file failed."

File: smali_classes3/D9/C0.smali
line 1388: ...eased batch retry count after failed client upload. appId, rowId"

File: smali_classes3/cd/C0.smali
line 109:     const-string v0, "failLink"

File: smali/com/google/protobuf/c1.1.smali
line 440: ... "Class initialization cannot fail."

File: smali_classes3/cd/c2.1.smali
line 61:     const-string v0, "failLink"

File: smali/com/google/android/gms/internal/measurement/C2.smali
line 531: ...ng v3, "ContentProvider query failed, using default values"

File: smali_classes2/io/intercom/android/sdk/api/CallbackHolder$3.smali
line 78:     const-string v0, " failure"

File: smali_classes2/livekit/org/webrtc/Camera1Enumerator.smali
line 168: ...const-string v0, "Open camera failed on camera index "
line 304: ...ng v7, "getSupportedFormats() failed on camera index "
line 468: ...nst-string v2, "getCameraInfo failed on index "

File: smali_classes2/livekit/org/webrtc/Camera2Session$CameraCaptureCallback.smali
line 43: ...    const-string p2, "Capture failed: "

File: smali_classes2/livekit/org/webrtc/CameraCapturer$1.smali
line 250: ...st-string v0, "Opening camera failed, retry: "
line 252: ...st-string v1, "Opening camera failed, passing: "

File: smali_classes2/livekit/org/webrtc/CameraCapturer$3.smali
line 46:     const-string v1, "Camera failed to start within timeout."

File: smali_classes2/livekit/org/webrtc/CameraCapturer.smali
line 295: ...1, "Check is on camera thread failed."

File: smali_classes2/livekit/org/webrtc/CameraVideoCapturer$CameraStatistics$1.smali
line 140:     const-string v1, "Camera failure. Client must return video buffers."
line 153:     const-string v1, "Camera failure."

File: smali_classes2/io/intercom/android/sdk/carousel/CarouselPresenter$1.smali
line 67: ...d/sdk/metrics/MetricTracker;->failedCarousel(Ljava/lang/String;Ljava/lang/String;I)V

File: smali_classes2/io/intercom/android/sdk/survey/ui/questiontype/files/ComposableSingletons$FileUploadErrorComponentKt$lambda-1$1.smali
line 144: ...dk/R$string;->intercom_upload_failed:I

File: smali_classes2/io/intercom/android/sdk/survey/ui/questiontype/files/ComposableSingletons$FileUploadErrorComponentKt$lambda-3$1.smali
line 144: ...dk/R$string;->intercom_upload_failed:I

File: smali_classes2/io/intercom/android/sdk/lightcompressor/compressor/Compressor.smali
line 963: ...onst-string v10, "Compression failed at swapping buffer"

File: smali/com/google/firebase/remoteconfig/internal/ConfigFetchHttpClient.smali
line 366:     const-string p2, "Fetch failed: Firebase installation id is null."
line 888:     const-string v2, "Fetch failed: fetch response could not be parsed."

File: smali_classes2/io/intercom/android/sdk/m5/conversation/states/ContentRow$BubbleMessageRow$PartWrapper.smali
line 22: .field private final failedAttributeIdentifiers:Ljava/util/List;
line 70:     const-string v0, "failedAttributeIdentifiers"
line 91: ...ubbleMessageRow$PartWrapper;->failedAttributeIdentifiers:Ljava/util/List;
line 174: ...ubbleMessageRow$PartWrapper;->failedAttributeIdentifiers:Ljava/util/List;
line 244: ...ubbleMessageRow$PartWrapper;->failedAttributeIdentifiers:Ljava/util/List;
line 286:     const-string v0, "failedAttributeIdentifiers"
line 365: ...ubbleMessageRow$PartWrapper;->failedAttributeIdentifiers:Ljava/util/List;
line 367: ...ubbleMessageRow$PartWrapper;->failedAttributeIdentifiers:Ljava/util/List;
line 405: ...ubbleMessageRow$PartWrapper;->failedAttributeIdentifiers:Ljava/util/List;
line 459: ...ubbleMessageRow$PartWrapper;->failedAttributeIdentifiers:Ljava/util/List;
line 521:     const-string v1, ", failedAttributeIdentifiers="
line 525: ...ubbleMessageRow$PartWrapper;->failedAttributeIdentifiers:Ljava/util/List;

File: smali_classes2/io/intercom/android/sdk/m5/conversation/states/ContentRow$BubbleMessageRow.smali
line 31: .field private final failedImageUploadData:Lio/intercom/android/sdk/m5/conversation/states/PendingMessage$FailedImageUploadData;
line 64: ...ContentRow$BubbleMessageRow;->failedImageUploadData:Lio/intercom/android/sdk/m5/conversation/states/PendingMessage$FailedImageUplo...
line 126: ...ContentRow$BubbleMessageRow;->failedImageUploadData:Lio/intercom/android/sdk/m5/conversation/states/PendingMessage$FailedImageUplo...
line 189: ...ContentRow$BubbleMessageRow;->failedImageUploadData:Lio/intercom/android/sdk/m5/conversation/states/PendingMessage$FailedImageUplo...
line 283: ...ContentRow$BubbleMessageRow;->failedImageUploadData:Lio/intercom/android/sdk/m5/conversation/states/PendingMessage$FailedImageUplo...
line 285: ...ContentRow$BubbleMessageRow;->failedImageUploadData:Lio/intercom/android/sdk/m5/conversation/states/PendingMessage$FailedImageUplo...
line 320: ...ContentRow$BubbleMessageRow;->failedImageUploadData:Lio/intercom/android/sdk/m5/conversation/states/PendingMessage$FailedImageUplo...
line 392: ...ContentRow$BubbleMessageRow;->failedImageUploadData:Lio/intercom/android/sdk/m5/conversation/states/PendingMessage$FailedImageUplo...
line 464:     const-string v1, ", failedImageUploadData="
line 468: ...ContentRow$BubbleMessageRow;->failedImageUploadData:Lio/intercom/android/sdk/m5/conversation/states/PendingMessage$FailedImageUplo...

File: smali_classes2/io/intercom/android/sdk/m5/conversation/states/ConversationClientState.smali
line 25: .field private final failedAttributeIdentifiers:Ljava/util/List;
line 223:     const-string v11, "failedAttributeIdentifiers"
line 281: ...tes/ConversationClientState;->failedAttributeIdentifiers:Ljava/util/List;
line 818: ...tes/ConversationClientState;->failedAttributeIdentifiers:Ljava/util/List;
line 1029: ...tes/ConversationClientState;->failedAttributeIdentifiers:Ljava/util/List;
line 1299:     const-string v0, "failedAttributeIdentifiers"
line 1481: ...tes/ConversationClientState;->failedAttributeIdentifiers:Ljava/util/List;
line 1483: ...tes/ConversationClientState;->failedAttributeIdentifiers:Ljava/util/List;
line 1665: ...tes/ConversationClientState;->failedAttributeIdentifiers:Ljava/util/List;
line 1990: ...tes/ConversationClientState;->failedAttributeIdentifiers:Ljava/util/List;
line 2178:     const-string v1, ", failedAttributeIdentifiers="
line 2182: ...tes/ConversationClientState;->failedAttributeIdentifiers:Ljava/util/List;

File: smali_classes2/io/intercom/android/sdk/m5/conversation/ui/ConversationScreenKt.smali
line 461: ...droid/sdk/R$string;->intercom_failed_to_send:I

File: smali_classes2/io/intercom/android/sdk/m5/conversation/ConversationViewModel$onRetryMediaClicked$1.smali
line 37: .field final synthetic $failedImageUploadData:Lio/intercom/android/sdk/m5/conversation/states/PendingMessage$FailedImageUploadData...
line 61: ...odel$onRetryMediaClicked$1;->$failedImageUploadData:Lio/intercom/android/sdk/m5/conversation/states/PendingMessage$FailedImageUplo...
line 90: ...odel$onRetryMediaClicked$1;->$failedImageUploadData:Lio/intercom/android/sdk/m5/conversation/states/PendingMessage$FailedImageUplo...
line 189: ...odel$onRetryMediaClicked$1;->$failedImageUploadData:Lio/intercom/android/sdk/m5/conversation/states/PendingMessage$FailedImageUplo...
line 195: ...odel$onRetryMediaClicked$1;->$failedImageUploadData:Lio/intercom/android/sdk/m5/conversation/states/PendingMessage$FailedImageUplo...

File: smali_classes2/io/intercom/android/sdk/m5/conversation/ConversationViewModel.smali
line 2596:     const-string v0, "failedImageUploadData"

File: smali_classes2/io/intercom/android/sdk/tickets/create/model/CreateTicketViewModel$compressAndUploadFileAttachments$1$1.smali
line 314: ...dk/R$string;->intercom_upload_failed:I
line 457: ...dk/R$string;->intercom_upload_failed:I

File: smali_classes2/io/intercom/android/sdk/tickets/create/model/CreateTicketViewModel$onAnswerUpdated$1$2.smali
line 278: ...dk/R$string;->intercom_upload_failed:I
line 347: ...dk/R$string;->intercom_upload_failed:I

File: smali_classes3/androidx/credentials/playservices/CredentialProviderPlayServicesImpl.smali
line 93: ... "Clearing restore credential failed"
line 103: ...v2, "Clear restore credential failed for unknown reason."
line 127: ...ential internal service had a failure."

File: smali_classes2/Kg/d.smali
line 325: ...tring v4, "A service provider failed to instantiate:\n"
line 613: ..., "org.slf4j.LoggerFactory in failed state. Original exception was thrown EARLIER. See also https://www.slf4j.org/codes.html#unsuc...
line 897: ...2, "Unexpected initialization failure"

File: smali_classes3/B1/D.smali
line 141: ...a surface session should only fail with request cancellation. Instead failed due to:\n"
line 141: ...request cancellation. Instead failed due to:\n"

File: smali_classes3/Ib/D.smali
line 426:     const-string v2, "Check failed."

File: smali_classes3/M4/d.smali
line 82: ...ng v3, "During begin sign in, failure response from one tap: "
line 136: ..., "During get sign-in intent, failure response from one tap: "
line 190: ...save password, found password failure response from one tap "
line 244: ...credential, fido registration failure: "

File: smali_classes3/O9/d.smali
line 145: ...const-string v6, "linkToDeath failed"

File: smali_classes3/Z1/d.smali
line 147: ... const-string v1, ".acquire() failure: [refCount: 0]"

File: smali_classes3/com/google/android/gms/internal/measurement/d.smali
line 1233: ...ring v1, "Argument evaluation failed"

File: smali_classes3/p5.1/d.smali
line 1856: ...-string p1, "Reduce operation failed"

File: smali/Sf/d.smali
line 184:     const-string v1, "Check failed."

File: smali/nb.1/d.smali
line 61:     const-string v1, "Error failing to fetch the remote configs: "

File: smali_classes3/com/google/android/gms/internal/play_billing/D1.smali
line 40: ...arbage collected, future will fail soon"

File: smali_classes3/android/gov/nist/javax/sip/stack/timers/DefaultSipTimer$DefaultTimerTask.smali
line 80: ...ing v2, "SIP stack timer task failed due to exception:"

File: smali/com/statsig/androidsdk/Diagnostics$Companion.smali
line 41:     const-string v0, "failResponse"

File: smali_classes3/e9.1/e.1.smali
line 223: ...le on this device. Connection failed with: "
line 524:     const-string p1, "failing_client_id"
line 1236:     const-string v2, "API failed to connect while resuming due to an unknown error."
line 1523: ...-string v1, " while trying to fail enqueued calls."

File: smali_classes3/f9.1/e.1.smali
line 546: ..."IGmsServiceBroker.getService failed"
line 582: ..."IGmsServiceBroker.getService failed"

File: smali_classes2/Hf/E.smali
line 435:     const-string v2, "Check failed."

File: smali_classes2/af.1/e.smali
line 226:     const-string v1, "Check failed."
line 1076:     const-string p2, "Check failed."
line 2459:     const-string v1, "Check failed."
line 2869:     const-string p2, "Check failed."

File: smali_classes3/E5/e.smali
line 1299: ...tring v11, "Subtitle decoding failed. streamFormat="

File: smali_classes3/L7/e.smali
line 558:     const-string p1, "Check failed."

File: smali_classes3/Lc/e.smali
line 288: ...  const-string v1, "FCM token failed to be registered"

File: smali_classes3/M4/e.smali
line 108: ...ent, one tap ui intent sender failure: "
line 180: ...redential, found IntentSender failure on public key creation: "
line 250: ...sword, found UI intent sender failure: "
line 320: ... in, one tap ui intent sender failure: "

File: smali_classes3/P1/e.smali
line 1983: ...st-string v0, "eglMakeCurrent failed"

File: smali_classes3/com/google/firebase/messaging/E.smali
line 355: ...g v1, "binding to the service failed"

File: smali/Sf/e.smali
line 134:     const-string v0, "Check failed."

File: smali/U2/E.smali
line 114:     const-string p4, "Check failed"

File: smali/com/google/android/gms/internal/measurement/E.smali
line 368: ...t-string v0, "Program loading failed"

File: smali/o9/e.smali
line 1004: ...const-string v3, "Remote load failed. No local fallback found."
line 2343: ...-string v1, "V2 version check failed: "

File: smali_classes2/livekit/org/webrtc/EglBase10Impl$EglConnection.smali
line 252: ...-string v0, "eglDetachCurrent failed: 0x"
line 363: ...st-string v0, "eglMakeCurrent failed: 0x"

File: smali_classes2/livekit/org/webrtc/EglBase10Impl.smali
line 412: ...t-string v0, "eglChooseConfig failed: 0x"

File: smali_classes2/livekit/org/webrtc/EglBase14Impl$EglConnection.smali
line 230: ...-string v0, "eglDetachCurrent failed: 0x"
line 329: ...st-string v0, "eglMakeCurrent failed: 0x"

File: smali_classes2/livekit/org/webrtc/EglBase14Impl.smali
line 404: ...t-string v1, "eglChooseConfig failed: 0x"

File: smali_classes3/com/x/thrift/onboarding/task/service/flows/subtasks/thriftjava/EmailVerificationSubtask.smali
line 167:     const-string v0, "failLink"
line 331:     const-string v0, "failLink"
line 698:     const-string v1, ", failLink="

File: smali_classes3/com/x/thrift/onboarding/task/service/flows/subtasks/thriftjava/EnterTextSubtask.smali
line 1611:     const-string v1, ", failLink="

File: smali_classes3/B/f.smali
line 747:     const-string p2, "file:failed-content-moderation"

File: smali_classes3/F5/f.smali
line 1958: ...g v1, "Firebase Installations failed to get installation auth token for config update listener connection."
line 1985: ...g v1, "Firebase Installations failed to get installation ID for config update listener connection."

File: smali_classes3/Va/f.smali
line 1989: ...ing v0, "Opening session with fail "

File: smali_classes3/a7.1/F.smali
line 710:     const-string v5, " failed because it threw an exception/error"
line 1066:     const-string v1, "failure.outputData"

File: smali_classes3/r6.1/f.smali
line 536: ...  const-string v1, "CRC check failed"

File: smali_classes3/t7.1/f.smali
line 525:     const-string p1, "Check failed."

File: smali/Nb/f.smali
line 850: ...Response was null, unexpected failure posting to "

File: smali/Sf/f.smali
line 47: ...   const-string v0, "Callback failure for "

File: smali/Tf/f.smali
line 348:     const-string v0, "Check failed."

File: smali/aa.1/f.smali
line 537: ...ring v1, "Default FirebaseApp failed to initialize because no default options were found. This usually means that com.google.gms:g...

File: smali_classes3/cd/f4.smali
line 49:     const-string v0, "failLink"

File: smali_classes3/com/x/thrift/onboarding/task/service/flows/subtasks/thriftjava/FetchPersistedDataSubtask.smali
line 121:     const-string v0, "failLink"
line 165:     const-string v0, "failLink"
line 294:     const-string v1, ", failLink="

File: smali_classes3/f9.1/G.smali
line 169: ...4, "Dynamic intent resolution failed: "
line 211: ...3, "Dynamic lookup for intent failed for action "
line 243: ...1, "Dynamic lookup for intent failed for action: "

File: smali_classes3/o9.1/g.smali
line 3041:     const-string v0, "Check failed."

File: smali/Qf/g.smali
line 1027:     const-string v1, "failed to delete "
line 1490:     const-string v0, "failed to delete "
line 1654:     const-string p1, "Check failed."

File: smali/i7.1/g.smali
line 413:     const-string v0, " failed"

File: smali/tc/g.smali
line 298: ...uild download manager request failed: file: "

File: smali/u4/g.smali
line 209: ...  const-string v6, "Font load failed"
line 409: ...  const-string p4, "Font load failed"
line 464: ...  const-string p3, "Font load failed"
line 562: ...  const-string p3, "Font load failed"
line 614: ...  const-string p3, "Font load failed"

File: smali/fb/g.smali
line 445:     const-string v4, "Fetch failed: "

File: smali/T2/G0.smali
line 533:     const-string v6, "Check failed"

File: smali_classes2/livekit/org/webrtc/GlShader.smali
line 120: ...string v0, "glCreateProgram() failed. GLES20 error: "
line 210: ...-string v0, "glCreateShader() failed. GLES20 error: "

File: smali_classes3/com/google/android/gms/common/api/GoogleApiActivity.smali
line 89:     const-string v1, "failing_client_id"
line 290:     const-string v3, "failing_client_id"

File: smali_classes3/com/squareup/wire/GrpcCalls$GrpcCall$1.smali
line 271:     const-string v2, "call failed: "

File: smali/com/squareup/wire/GrpcClient.smali
line 214:     const-string v2, "failed to create gRPC class for "

File: smali/com/squareup/wire/internal/GrpcKt.smali
line 256: ...st-string v1, "gRPC transport failure, invalid grpc-status-details-bin (HTTP status="
line 318: ...st-string v1, "gRPC transport failure (HTTP status="

File: smali_classes3/z0.1/h.1.smali
line 208: ...ng v3, "GetGoogleObfuscatedId failed with message: "

File: smali_classes3/A7/h.smali
line 5759: ...nst-string v4, "[sgtm] Upload failed for row_id. response, exception"
line 6275: ...st-string v4, "Network upload failed. Will retry later. appId, status, error"

File: smali_classes3/H1/H.smali
line 211: ...LENS_FACING_BACK verification failed"
line 260: ...ENS_FACING_FRONT verification failed"
line 291: ...amera LensFacing verification failed, existing cameras: "

File: smali_classes3/K1/h.smali
line 442: ...ucceeded with resolve account failure: "
line 1152: ...onst-string v2, "getSessionId failed with exception"

File: smali_classes3/w5.1/H.smali
line 2093: ...    const-string v8, "Disable failed."
line 2123:     const-string v0, "Reset failed."

File: smali_classes3/z0.1/H.smali
line 318: ...onst-string v2, "Billing flow failed, sending error effect"

File: smali_classes3/y5.1/h.smali
line 16: ...t-string v0, "AudioTrack init failed "

File: smali/T/H.smali
line 71:     const-string v0, "failedAgeCheck"

File: smali_classes2/livekit/org/webrtc/HardwareVideoEncoder.smali
line 381: ...-string p2, "queueInputBuffer failed"
line 400:     const-string p3, " failed"
line 417: ...tring p2, "dequeueInputBuffer failed"
line 481: ...nst-string p3, "encodeTexture failed"
line 812: ...tring v2, "initEncodeInternal failed"
line 863: ...ring v1, "releaseOutputBuffer failed"
line 904: ...tring v2, "Media encoder stop failed"
line 921: ...ng v2, "Media encoder release failed"
line 972: ...t-string v0, "requestKeyFrame failed"
line 1108: ...nst-string v2, "updateBitrate failed"
line 1629: ...nst-string v2, "deliverOutput failed"

File: smali_classes2/io/intercom/android/sdk/helpcenter/api/HelpCenterApiWrapper$fetchHelpCenterCollection$1$1.smali
line 192: ...d/sdk/metrics/MetricTracker;->failedHelpCenter(Ljava/lang/String;Ljava/lang/String;Ljava/lang/String;Z)V
line 251: ...d/sdk/metrics/MetricTracker;->failedHelpCenter(Ljava/lang/String;Ljava/lang/String;Ljava/lang/String;Z)V

File: smali_classes2/io/intercom/android/sdk/helpcenter/api/HelpCenterApiWrapper$fetchHelpCenterCollections$1$1.smali
line 195: ...d/sdk/metrics/MetricTracker;->failedHelpCenter(Ljava/lang/String;Ljava/lang/String;Ljava/lang/String;Z)V
line 254: ...d/sdk/metrics/MetricTracker;->failedHelpCenter(Ljava/lang/String;Ljava/lang/String;Ljava/lang/String;Z)V

File: smali_classes2/io/intercom/android/sdk/helpcenter/api/HelpCenterApiWrapper$fetchHelpCenterResultsForSearchTerm$1$1.smali
line 195: ...d/sdk/metrics/MetricTracker;->failedHelpCenter(Ljava/lang/String;Ljava/lang/String;Ljava/lang/String;Z)V
line 260: ...d/sdk/metrics/MetricTracker;->failedHelpCenter(Ljava/lang/String;Ljava/lang/String;Ljava/lang/String;Z)V

File: smali_classes2/io/intercom/android/sdk/m5/helpcenter/HelpCenterViewModel.smali
line 1119: ...d/sdk/metrics/MetricTracker;->failedHelpCenter(Ljava/lang/String;Ljava/lang/String;Ljava/lang/String;Z)V
line 1164: ...d/sdk/metrics/MetricTracker;->failedHelpCenter(Ljava/lang/String;Ljava/lang/String;Ljava/lang/String;Z)V

File: smali_classes3/Z8/i.smali
line 1632: ...Deferred Deep Link validation failed. gclid, gbraid, deep link"
line 1674: ...equest for Deferred Deep Link failed. response, exception"

File: smali_classes3/e6/i.smali
line 520: ...tring v2, "Skipped pssh atom (failed to extract uuid)"

File: smali_classes3/y5.1/i.smali
line 18: ...-string v0, "AudioTrack write failed: "

File: smali/D3/i.smali
line 43:     const-string p1, "Check failed."
line 72:     const-string p1, "Check failed."

File: smali/K9/i.smali
line 403:     const-string v5, "failed to add key \""

File: smali/Sf/i.smali
line 188:     const-string v0, "Check failed."
line 231:     const-string p1, "Check failed."
line 1179:     const-string v1, "Check failed."

File: smali/T4/I.smali
line 211:     const-string v0, "Check failed."

File: smali/eb/i.smali
line 159: ...-string v1, "Settings request failed."

File: smali/g.1/i0.smali
line 197: ...t-string v1, "chat_regenerate_failed_message_pressed"

File: smali_classes2/io/intercom/android/sdk/survey/block/ImageBlockKt$ImageBlock$1.smali
line 894: ...rawable;->intercom_image_load_failed:I

File: smali_classes3/androidx/camera/core/ImageProcessingUtil.smali
line 145: ... p0, "One pixel shift for YUV failure"
line 330: ...ng v0, "YUV to RGB conversion failure"
line 390: ...YUV to RGB acquireLatestImage failure"
line 765: ...V rotation acquireLatestImage failure"
line 790: ... const-string v0, "rotate YUV failure"
line 1062: ... const-string v0, "rotate YUV failure"

File: smali/com/statsig/androidsdk/InitializationDetails.smali
line 13: .field private failureDetails:Lcom/statsig/androidsdk/InitializeResponse$FailedInitializeResponse;
line 15:         value = "failureDetails"
line 40: ...idsdk/InitializationDetails;->failureDetails:Lcom/statsig/androidsdk/InitializeResponse$FailedInitializeResponse;
line 82: ...idsdk/InitializationDetails;->failureDetails:Lcom/statsig/androidsdk/InitializeResponse$FailedInitializeResponse;
line 113: ...idsdk/InitializationDetails;->failureDetails:Lcom/statsig/androidsdk/InitializeResponse$FailedInitializeResponse;
line 169: ...idsdk/InitializationDetails;->failureDetails:Lcom/statsig/androidsdk/InitializeResponse$FailedInitializeResponse;
line 171: ...idsdk/InitializationDetails;->failureDetails:Lcom/statsig/androidsdk/InitializeResponse$FailedInitializeResponse;
line 196: ...idsdk/InitializationDetails;->failureDetails:Lcom/statsig/androidsdk/InitializeResponse$FailedInitializeResponse;
line 231: ...idsdk/InitializationDetails;->failureDetails:Lcom/statsig/androidsdk/InitializeResponse$FailedInitializeResponse;
line 261: ...idsdk/InitializationDetails;->failureDetails:Lcom/statsig/androidsdk/InitializeResponse$FailedInitializeResponse;
line 295:     const-string v1, ", failureDetails="
line 299: ...idsdk/InitializationDetails;->failureDetails:Lcom/statsig/androidsdk/InitializeResponse$FailedInitializeResponse;

File: smali_classes2/io/intercom/android/sdk/lightcompressor/video/InputSurface.smali
line 281: ...st-string v1, "eglMakeCurrent failed"

File: smali/io/intercom/android/sdk/Intercom.smali
line 3024: ...string v1, "updateUser method failed: the UserAttributes object provided is null"

File: smali/io/intercom/android/sdk/fcm/IntercomFcmMessengerService.smali
line 129: ...tching FCM registration token failed"
line 224: ..., "Intercom push registration failed. Please make sure you have added a google-services.json file"

File: smali_classes2/io/intercom/android/sdk/m5/push/IntercomPushBitmapUtilsKt.smali
line 415: ...le;->intercom_push_image_load_failes:I

File: smali_classes3/s9.1/j.1.smali
line 780:     const-string v3, "failed to parse COSE key"
line 854:     const-string v3, "failed to parse attestation object"

File: smali_classes2/Vf/j.smali
line 54: ...v3, "Http2Connection.Listener failure for "

File: smali_classes2/Xf/j.smali
line 42:     const-string v0, "failed to remove ALPN"
line 88:     const-string p2, "failed to set ALPN"
line 227:     const-string v0, "failed to get ALPN selected protocol"

File: smali_classes2/sd.1/j.smali
line 190:     const-string v1, "failure"
line 359:     const-string v5, "failure"

File: smali_classes3/A6/j.smali
line 3457: ...nst-string v3, "Restore State failed: destination "

File: smali_classes3/h4.1/j.smali
line 38: ...arbage collected, future will fail soon"

File: smali_classes3/U2/j.smali
line 70:     const-string v2, "Check failed"

File: smali_classes3/u6/J.smali
line 1321: ...ing the Navigation back stack failed: destination "
line 1945: ...onst-string v2, "Deep Linking failed: destination "

File: smali/Nb/j.smali
line 226: ... const-string v2, "Flag fetch failed: "
line 329: ... const-string v0, "Flag fetch failed or response missing/invalid. Keeping existing flags (if any)."

File: smali_classes3/cd/J0.smali
line 45:     const-string v0, "failLink"

File: smali/D9/j2.smali
line 1084: ... v3, "Storage version upgrade failed. Previous, current version"
line 20508: ...fig_fetched_time < ? order by failed_config_fetch_time limit 1;"
line 24931: ...st-string v5, "Network upload failed. Will retry later. code, error"
line 26084: ...t-string p5, "Fetching config failed. code, error"

File: smali_classes2/Se/k.smali
line 68: ...onst-string v1, "Iterator has failed."

File: smali/K6/k.smali
line 59:     const-string p2, "Check failed."

File: smali/fb/k.smali
line 85:     const-string v3, "num_failed_fetches"
line 197:     const-string v3, "num_failed_realtime_streams"
line 253:     const-string v2, "num_failed_fetches"
line 299:     const-string v2, "num_failed_realtime_streams"

File: smali_classes3/Ib/k0.smali
line 312:     const-string p2, "Check failed."

File: smali/D9/K1.smali
line 73: ...tring v2, "Service connection failed"
line 384: ...t-string v1, "Service connect failed to get IMeasurementService"

File: smali/com/statsig/androidsdk/KeyType.smali
line 71:         value = "retry_failed_log"

File: smali_classes2/Df/l.1.smali
line 584: ... logging since initialization failed."
line 617: ...    const-string p1, "logging failed."

File: smali_classes3/A1/l.smali
line 1229: ...from IME; requestPermission() failed"

File: smali_classes3/I5/l.smali
line 55: ...nst-string v6, "eglGetDisplay failed"
line 67: ...nst-string v6, "eglInitialize failed"
line 133: ...t-string v7, "eglChooseConfig failed: success=%b, numConfigs[0]=%d, configs[0]=%s"
line 199: ...string v14, "eglCreateContext failed"
line 274: ... v7, "eglCreatePbufferSurface failed"
line 283: ...st-string v6, "eglMakeCurrent failed"

File: smali_classes3/na.1/l.smali
line 151: ...t-string v1, "Create new file failed."

File: smali/Sf/l.smali
line 80:     const-string v0, "failedRoute"
line 84:     const-string v0, "failure"

File: smali/bf.1/l.smali
line 2099:     const-string v2, "Check failed."

File: smali/pa/l.smali
line 147:     const-string v0, "Rename failed!"

File: smali_classes2/io/intercom/android/sdk/m5/conversation/ui/components/LazyMessageListKt$LazyMessageList$lambda$27$$inlined$itemsIndexed$default$3.smali
line 1096: ...droid/sdk/R$string;->intercom_failed_delivery:I

File: unknown/META-INF/androidx/annotation/annotation/LICENSE.txt
line 162: ...      work stoppage, computer failure or malfunction, or any and all

File: unknown/META-INF/androidx/collection/collection/LICENSE.txt
line 162: ...      work stoppage, computer failure or malfunction, or any and all

File: unknown/META-INF/androidx/collection/collection-ktx/LICENSE.txt
line 162: ...      work stoppage, computer failure or malfunction, or any and all

File: unknown/META-INF/androidx/constraintlayout/constraintlayout-core/LICENSE.txt
line 162: ...      work stoppage, computer failure or malfunction, or any and all

File: unknown/META-INF/androidx/lifecycle/lifecycle-common/LICENSE.txt
line 162: ...      work stoppage, computer failure or malfunction, or any and all

File: unknown/META-INF/androidx/lifecycle/lifecycle-common-java8/LICENSE.txt
line 162: ...      work stoppage, computer failure or malfunction, or any and all

File: original/META-INF/androidx/annotation/annotation/LICENSE.txt
line 162: ...      work stoppage, computer failure or malfunction, or any and all

File: original/META-INF/androidx/collection/collection/LICENSE.txt
line 162: ...      work stoppage, computer failure or malfunction, or any and all

File: original/META-INF/androidx/collection/collection-ktx/LICENSE.txt
line 162: ...      work stoppage, computer failure or malfunction, or any and all

File: original/META-INF/androidx/constraintlayout/constraintlayout-core/LICENSE.txt
line 162: ...      work stoppage, computer failure or malfunction, or any and all

File: original/META-INF/androidx/lifecycle/lifecycle-common/LICENSE.txt
line 162: ...      work stoppage, computer failure or malfunction, or any and all

File: original/META-INF/androidx/lifecycle/lifecycle-common-java8/LICENSE.txt
line 162: ...      work stoppage, computer failure or malfunction, or any and all

File: smali/com/pairip/licensecheck/LicenseClient.smali
line 607: ...p1, "Retry #%d. License check failed with error \'%s\'. Next try in %ds..."

File: smali_classes2/io/intercom/android/sdk/lightbox/LightBoxActivity.smali
line 187: ...rawable;->intercom_image_load_failed:I

File: smali_classes2/Hf/m.1.smali
line 204:     const-string v0, "Check failed."

File: smali_classes2/Lf/m.1.smali
line 551:     const-string p2, "Check failed."

File: smali_classes3/h6.1/m.smali
line 167: ...string p3, "Parsing subtitles failed, ignoring sample."

File: smali_classes3/w5.1/M.smali
line 723: ...st-string v2, "Period release failed."

File: smali/kf/m.smali
line 84:     const-string v1, "Check failed."

File: smali_classes3/cd/m0.1.smali
line 65:     const-string v0, "failLink"

File: smali_classes2/io/intercom/android/sdk/m5/utils/MediaCompressionKt$getCompressedVideoData$2$1.smali
line 86:     const-string p1, "failureMessage"
line 94: ...string v1, "Video compression failed: "

File: smali_classes2/io/intercom/android/sdk/m5/conversation/ui/components/MessageListKt$MessageList$14$1$renderMessageRow$1.smali
line 304: ...droid/sdk/R$string;->intercom_failed_delivery:I

File: smali_classes2/io/intercom/android/sdk/metrics/MetricTracker$Action.smali
line 33: ... FAILED:Ljava/lang/String; = "failed"

File: smali/io/intercom/android/sdk/metrics/MetricTracker.smali
line 1552: .method public failedCarousel(Ljava/lang/String;Ljava/lang/String;I)V
line 1559:     const-string v2, "failed"
line 1586: .method public failedHelpCenter(Ljava/lang/String;Ljava/lang/String;Ljava/lang/String;Z)V
line 1589:     const-string v1, "failed"
line 1617: .method public failedToPlayVideo(Ljava/lang/String;)V
line 1624:     const-string v2, "failed"

File: smali_classes3/K9/n.smali
line 125: ...const-string v5, "linkToDeath failed"

File: smali_classes3/e9.1/n.smali
line 2210: ...ring v1, "Future should never fail. Did it get completed by GC?"

File: smali/H9/n.smali
line 89: ...string v1, " underlying tasks failed"

File: smali/com/google/android/gms/internal/measurement/n2.1.smali
line 90: ... "Class initialization cannot fail."

File: smali_classes2/io/intercom/android/sdk/blocks/NetworkImage.smali
line 77: ...rawable;->intercom_image_load_failed:I
line 94: ...rawable;->intercom_image_load_failed:I

File: smali/io/intercom/android/nexus/NexusEventPropagator.smali
line 260: ...g listeners that a connection failed to open"

File: smali_classes3/android/gov/nist/javax/sip/stack/NioTcpMessageChannel.smali
line 1799:     const-string v2, "failed to report transport error"

File: smali_classes3/android/gov/nist/javax/sip/stack/NioTlsMessageProcessor.smali
line 336: ...tring v1, "TLS initialization failed due to NULL security config"

File: smali_classes3/android/gov/nist/javax/sip/stack/NioTlsWebSocketMessageProcessor.smali
line 600: ...tring v1, "TLS initialization failed due to NULL security config"

File: smali_classes2/ce/o.1.smali
line 56: ...v1, "peer connection creation failed?"

File: smali/jb/o.1.smali
line 260: ...ion lifecycle service binding failed."

File: smali_classes2/Kf/o.smali
line 689:     const-string v1, "Check failed."

File: smali_classes3/F5/o.smali
line 434:     const-string v1, "Check failed."
line 499:     const-string v1, "Check failed."
line 1077:     const-string p1, "Check failed."

File: smali_classes3/android/javax/sip/o.smali
line 1096: ...ResolvedFeatureGroupSupported failed"

File: smali_classes3/e8.1/o.smali
line 537: ...t-string v2, "getSkuDetails() failed for queryProductDetailsAsync. Response code: "

File: smali_classes3/e9.1/o.smali
line 105:     const-string v2, "failed_status"
line 111:     const-string v3, "failed_resolution"
line 121:     const-string v2, "failed_client_id"

File: smali_classes3/z0.1/o.smali
line 93: ...nst-string p1, "Billing setup failed, sending error effect"

File: smali_classes3/f9.1/o.smali
line 154: ..._google_play_services_sign_in_failed_text"
line 323: ..._google_play_services_sign_in_failed_title"

File: smali/D9/o.smali
line 135: ..., "Opening the local database failed, dropping and recreating it"
line 277: ...ing v3, "Opening the database failed, dropping and recreating it"
line 340: ...nst-string v1, "Database open failed"

File: smali/K8/o.smali
line 69: ...ing v2, "Background execution failure."

File: smali/k/O.smali
line 315: ...nst-string v3, "Direct intent failed, falling back to chooser for URL: "

File: smali/com/google/android/gms/internal/measurement/o0.1.smali
line 372: ... p2, "Data collection startup failed. No data will be collected."

File: smali_classes3/g.1/o0.smali
line 342: ...rSatisfaction: Display survey failed"

File: smali_classes3/com/x/thrift/onboarding/task/service/flows/subtasks/thriftjava/OpenExternalLinkSubtask.smali
line 346:     const-string v1, ", failLink="

File: smali_classes3/D5/p.1.smali
line 212: ...t-string v2, "AssertionError, fail to get camera characteristic."

File: smali_classes3/B5/p.smali
line 16: ...    const-string v1, "Decoder failed: "

File: smali_classes3/Y4/p.smali
line 284: ... const-string v1, "fetchFonts failed (empty result)"
line 293: ... const-string v2, "fetchFonts failed ("

File: smali_classes3/Y9/p.smali
line 376:     const-string v0, "failing_client_id"

File: smali_classes3/o0.1/p.smali
line 90: ... const-string v2, "Connection failed: "

File: smali/D9/p.smali
line 146:     const-string v25, "failed_config_fetch_time"
line 148: ... "ALTER TABLE apps ADD COLUMN failed_config_fetch_time INTEGER;"
line 7501:     const-string v23, "failed_config_fetch_time"
line 9115:     const-string v8, "failed_config_fetch_time"

File: smali/Y2/p.smali
line 1415:     const-string v6, "Check failed."

File: smali_classes3/cd/P1.smali
line 49:     const-string v0, "failLink"

File: smali_classes3/com/statsig/androidsdk/ParameterStore.smali
line 331:     const-string v1, "fail_value"
line 1277:     const-string p4, "fail_value"
line 2042:     const-string v4, "fail_value"
line 2838:     const-string v1, "fail_value"
line 3660:     const-string v4, "fail_value"
line 4508:     const-string v3, "fail_value"
line 5335:     const-string v4, "fail_value"

File: smali_classes3/com/x/thrift/onboarding/task/service/flows/subtasks/thriftjava/PasskeySubtask.smali
line 91:     const-string v0, "failLink"
line 140:     const-string v0, "failLink"
line 261:     const-string v1, ", failLink="

File: smali_classes2/io/intercom/android/sdk/survey/block/PdfAttachmentBlockKt.smali
line 1058: ...rawable;->intercom_image_load_failed:I

File: smali_classes2/livekit/org/webrtc/PeerConnection.smali
line 410: ...onst-string p2, "C++ addTrack failed."
line 473: ...tring p2, "C++ addTransceiver failed."
line 540: ...tring p2, "C++ addTransceiver failed."

File: smali_classes2/io/intercom/android/sdk/m5/conversation/states/PendingMessage.smali
line 19: .field private final failedImageUploadData:Lio/intercom/android/sdk/m5/conversation/states/PendingMessage$FailedImageUploadData;
line 44: ...ation/states/PendingMessage;->failedImageUploadData:Lio/intercom/android/sdk/m5/conversation/states/PendingMessage$FailedImageUplo...
line 86: ...ation/states/PendingMessage;->failedImageUploadData:Lio/intercom/android/sdk/m5/conversation/states/PendingMessage$FailedImageUplo...
line 117: ...ation/states/PendingMessage;->failedImageUploadData:Lio/intercom/android/sdk/m5/conversation/states/PendingMessage$FailedImageUplo...
line 179: ...ation/states/PendingMessage;->failedImageUploadData:Lio/intercom/android/sdk/m5/conversation/states/PendingMessage$FailedImageUplo...
line 181: ...ation/states/PendingMessage;->failedImageUploadData:Lio/intercom/android/sdk/m5/conversation/states/PendingMessage$FailedImageUplo...
line 198: ...ation/states/PendingMessage;->failedImageUploadData:Lio/intercom/android/sdk/m5/conversation/states/PendingMessage$FailedImageUplo...
line 230: ...ation/states/PendingMessage;->failedImageUploadData:Lio/intercom/android/sdk/m5/conversation/states/PendingMessage$FailedImageUplo...
line 278:     const-string v1, ", failedImageUploadData="
line 282: ...ation/states/PendingMessage;->failedImageUploadData:Lio/intercom/android/sdk/m5/conversation/states/PendingMessage$FailedImageUplo...

File: smali_classes3/com/x/thrift/onboarding/task/service/flows/subtasks/thriftjava/PhoneVerificationSubtask.smali
line 183:     const-string v0, "failLink"
line 357:     const-string v0, "failLink"
line 734:     const-string v1, ", failLink="

File: res/values/plurals.xml
line 61: ...ls name="x_lite_dm_add_people_failure">

File: res/values-en-rGB/plurals.xml
line 7: ...ls name="x_lite_dm_add_people_failure">

File: res/values-en-rXA/plurals.xml
line 7: ...ls name="x_lite_dm_add_people_failure">

File: smali_classes3/android/gov/nist/javax/sdp/fields/PreconditionFields.smali
line 59:     const-string v3, "failure"

File: smali/com/squareup/wire/ProtoAdapter$Companion.smali
line 88:     const-string v1, "failed to access "
line 223:     const-string v1, "failed to access "

File: res/values/public.xml
line 1445: ...le" name="intercom_image_load_failed" id="0x7f0804e3" />
line 1464: ...ame="intercom_push_image_load_failes" id="0x7f0804f6" />
line 2156: ...s" name="x_lite_dm_add_people_failure" id="0x7f0f000e" />
line 2189: ...lic type="raw" name="intercom_failed" id="0x7f100006" />
line 2265: ... type="string" name="download_failed" id="0x7f11005c" />
line 2284: ...lic type="string" name="error_fail_to_moderated_upload_description" id="0x7f110070" />
line 2340: ...e="string" name="exo_download_failed" id="0x7f1100a8" />
line 2375: ...="string" name="generic_fetch_failure_description" id="0x7f1100cd" />
line 2376: ...="string" name="generic_fetch_failure_title" id="0x7f1100ce" />
line 2403: ...tring" name="grok_credentials_failed" id="0x7f1100e9" />
line 2531: ...="grok_login_mfa_load_devices_failed" id="0x7f110169" />
line 2534: ...="grok_login_mfa_verification_failed" id="0x7f11016c" />
line 2630: ...ring" name="grok_tasks_status_failed" id="0x7f1101cc" />
line 2835: ... type="string" name="intercom_failed_delivery" id="0x7f110299" />
line 2836: ... type="string" name="intercom_failed_to_load_conversation" id="0x7f11029a" />
line 2837: ... type="string" name="intercom_failed_to_load_tickets" id="0x7f11029b" />
line 2838: ... type="string" name="intercom_failed_to_load_tickets_with_app" id="0x7f11029c" />
line 2839: ... type="string" name="intercom_failed_to_send" id="0x7f11029d" />
line 2841: ...g" name="intercom_file_access_failed" id="0x7f11029f" />
line 2878: ...tring" name="intercom_message_failed_try_again" id="0x7f1102c4" />
line 2974: ...g" name="intercom_some_things_failed_to_load" id="0x7f110324" />
line 3145: ...string" name="intercom_upload_failed" id="0x7f1103cf" />
line 3221: ... type="string" name="purchase_failed" id="0x7f11043a" />
line 3295: ...g" name="x_lite_add_highlight_failed" id="0x7f110487" />
line 3454: ...g" name="x_lite_dm_add_people_failure" id="0x7f110526" />
line 3467: ...x_lite_dm_composer_attachment_failed" id="0x7f110533" />
line 3475: ... name="x_lite_dm_edit_message_failed" id="0x7f11053b" />
line 3708: ...ages_leave_group_conversation_failed" id="0x7f110624" />
line 3768: ..._message_address_verification_failed" id="0x7f110660" />
line 3770: ...d_error_message_authorization_failed" id="0x7f110662" />
line 3771: ...ssage_cardholder_verification_failed" id="0x7f110663" />
line 3774: ...ent_method_error_message_init_failed_message" id="0x7f110666" />
line 3775: ...method_error_message_internal_failure" id="0x7f110667" />
line 3781: ...hod_error_title_authorization_failed" id="0x7f11066d" />
line 3784: ...yment_method_error_title_init_failed_title" id="0x7f110670" />
line 3785: ...t_method_error_title_internal_failure" id="0x7f110671" />
line 3900: ..._spend_physical_card_delivery_failed_subtitle" id="0x7f1106e4" />
line 3901: ..._spend_physical_card_delivery_failed_title" id="0x7f1106e5" />
line 3972: ...entity_verification_documents_failed_message" id="0x7f11072c" />
line 3973: ...entity_verification_documents_failed_title" id="0x7f11072d" />
line 4177: ...payment_unrestricted_us_state_failure_content_subtitle" id="0x7f1107f9" />
line 4178: ...payment_unrestricted_us_state_failure_unknown_content_subtitle" id="0x7f1107fa" />
line 4222: ...e="x_lite_payment_transaction_failed_compliance_check_message" id="0x7f110826" />
line 4330: ..."string" name="x_lite_pinning_failed_message" id="0x7f110892" />
line 4367: ...name="x_lite_remove_highlight_failed" id="0x7f1108b7" />
line 4491: ...me="x_lite_transaction_status_failed" id="0x7f110933" />
line 4521: ...ring" name="x_lite_tweet_load_failed" id="0x7f110951" />
line 4546: ...tring" name="x_lite_unpinning_failed_message" id="0x7f11096a" />
line 4625: ...lite_xchat_add_as_group_admin_failed" id="0x7f1109b9" />
line 4626: ...name="x_lite_xchat_add_people_failure_too_large" id="0x7f1109ba" />
line 4627: ...me="x_lite_xchat_add_to_group_failed" id="0x7f1109bb" />
line 4631: ...name="x_lite_xchat_attachment_failed_to_download" id="0x7f1109bf" />
line 4648: ...lite_xchat_create_conversaton_failed" id="0x7f1109d0" />
line 4653: ...ite_xchat_delete_conversation_failed" id="0x7f1109d5" />
line 4669: ...e="string" name="x_lite_xchat_failed_pin_conversation_message" id="0x7f1109e5" />
line 4670: ...e="string" name="x_lite_xchat_failed_select_group_avatar_message" id="0x7f1109e6" />
line 4671: ...e="string" name="x_lite_xchat_failed_unpin_conversation_message" id="0x7f1109e7" />
line 4674: ...group_accept_invite_submitted_failed" id="0x7f1109ea" />
line 4684: ...vite_link_request_to_join_btn_failed" id="0x7f1109f4" />
line 4696: ...ebox_error_key_reconstruction_failed" id="0x7f110a00" />
line 4699: ...cebox_error_public_keys_fetch_failed" id="0x7f110a03" />
line 4708: ...g" name="x_lite_xchat_message_failed_to_send" id="0x7f110a0c" />
line 4714: ...me="x_lite_xchat_message_user_failed" id="0x7f110a12" />
line 4743: ...te_xchat_readonly_latest_ckey_failure" id="0x7f110a2f" />
line 4744: ...e_xchat_remove_as_group_admin_failed" id="0x7f110a30" />
line 4745: ..._lite_xchat_remove_from_group_failed" id="0x7f110a31" />
line 4749: ...e_xchat_resign_as_group_admin_failed" id="0x7f110a35" />
line 4779: ...me="x_lite_xchat_update_group_failed" id="0x7f110a53" />

File: smali/D9/q.1.smali
line 2030: ...g v3, "Fetching Google App Id failed with exception. appId"

File: smali/D9/Q.smali
line 728: ...t-string v10, "PackageManager failed to find running app: app_id"

File: smali_classes2/io/intercom/android/sdk/R$drawable.smali
line 114: ...ic static intercom_image_load_failed:I = 0x7f0804e3
line 152: ...atic intercom_push_image_load_failes:I = 0x7f0804f6

File: smali_classes2/io/intercom/android/sdk/R$raw.smali
line 20: ....field public static intercom_failed:I = 0x7f100006

File: smali/io/intercom/android/sdk/R$string.smali
line 264: ....field public static intercom_failed_delivery:I = 0x7f110299
line 266: ....field public static intercom_failed_to_load_conversation:I = 0x7f11029a
line 268: ....field public static intercom_failed_to_load_tickets:I = 0x7f11029b
line 270: ....field public static intercom_failed_to_load_tickets_with_app:I = 0x7f11029c
line 272: ....field public static intercom_failed_to_send:I = 0x7f11029d
line 276: ...c static intercom_file_access_failed:I = 0x7f11029f
line 350: ...ublic static intercom_message_failed_try_again:I = 0x7f1102c4
line 542: ...c static intercom_some_things_failed_to_load:I = 0x7f110324
line 884: ...public static intercom_upload_failed:I = 0x7f1103cf

File: smali/T2/R0.smali
line 355:     const-string v3, "Check failed"
line 3775:     const-string v1, "Check failed"

File: smali_classes2/io/intercom/android/sdk/identity/Registration.smali
line 337: ...ion.withUserAttributes method failed: the attributes Map provided is null"
line 358: ...ion.withUserAttributes method failed: the attributes Map provided is empty"

File: smali/com/google/firebase/perf/config/RemoteConfigManager.smali
line 417: ...ng v1, "Call to Remote Config failed: %s. This may cause a degraded experience with Firebase Performance. Please reach out to Fire...

File: smali/com/pairip/licensecheck/ResponseValidator.smali
line 434: ...g p1, "Signature verification failed."

File: smali_classes2/io/intercom/android/sdk/lightcompressor/video/Result.smali
line 7: .field private final failureMessage:Ljava/lang/String;
line 32: ...ightcompressor/video/Result;->failureMessage:Ljava/lang/String;
line 101: ...ightcompressor/video/Result;->failureMessage:Ljava/lang/String;
line 164: ...ightcompressor/video/Result;->failureMessage:Ljava/lang/String;
line 246: ...ightcompressor/video/Result;->failureMessage:Ljava/lang/String;
line 248: ...ightcompressor/video/Result;->failureMessage:Ljava/lang/String;
line 289: ...ightcompressor/video/Result;->failureMessage:Ljava/lang/String;
line 345: ...ightcompressor/video/Result;->failureMessage:Ljava/lang/String;
line 409:     const-string v1, ", failureMessage="
line 413: ...ightcompressor/video/Result;->failureMessage:Ljava/lang/String;

File: results auth.txt
line 437: line 151: ...ns failed to get installation auth token for fetch."
line 899: line 1958: ...ns failed to get installation auth token for config update listener connection."
line 1740: ...d_error_message_authorization_failed" id="0x7f110662" />
line 1741: ...hod_error_title_authorization_failed" id="0x7f11066d" />
line 2491: ...uthentication">Authentication failed</string>
line 2492: ...d_error_message_authorization_failed">The information you entered does not match the card details.</string>
line 2493: ...hod_error_title_authorization_failed">Unable to verify your card details</string>
line 2514: ...on">[[295200]] Authentication failed</string>
line 2515: ...d_error_message_authorization_failed">[[296819]] The information you entered does not match the card details.</strin...
line 2516: ...hod_error_title_authorization_failed">[[296835]] Unable to verify your card details</string>
line 2540: line 341: ...evices_failed">Failed to load authentication methods. Please try again.</string>
line 2550: ...uthentication">Authentication failed</string>
line 2551: ...d_error_message_authorization_failed">The information you entered does not match the card details.</string>
line 2552: ...hod_error_title_authorization_failed">Unable to verify your card details</string>

File: smali/io/intercom/android/sdk/api/RetryInterceptor.smali
line 106: ...    const-string v0, "request failed due to network errors"

File: smali/com/squareup/wire/ReverseProtoWriter.smali
line 299:     const-string v0, "Check failed."

File: smali/T2/s.1.smali
line 822:     const-string v1, "Check failed"
line 6911:     const-string v0, "Check failed"

File: smali/C3/S.smali
line 161:     const-string v8, "Check failed."

File: smali_classes3/com/google/android/gms/internal/play_billing/s0.1.smali
line 141: ... "Class initialization cannot fail."

File: smali_classes3/androidx/fragment/app/s0.smali
line 2869:     const-string v1, "failed"

File: smali_classes3/android/gov/nist/javax/sip/stack/timers/ScheduledExecutorSipTimer$1.smali
line 103:     const-string v2, "failed to execute purge"

File: smali_classes3/android/gov/nist/javax/sip/stack/timers/ScheduledExecutorSipTimer$ScheduledSipTimerTask.smali
line 60: ...ing v2, "SIP stack timer task failed due to exception:"

File: Search acce.txt
line 16942: ...ne 88: ...  const-string v1, "failed to access "
line 16943: ...e 223: ...  const-string v1, "failed to access "
line 17066: ...g" name="intercom_file_access_failed" id="0x7f11029f" />
line 17311: ...c static intercom_file_access_failed:I = 0x7f11029f
line 20227: ...ng name="intercom_file_access_failed">Can\'t access that file</string>
line 20228: line 651: ...om_file_access_failed">Can\'t access that file</string>

File: Search admin.txt
line 214: ...lite_xchat_add_as_group_admin_failed" id="0x7f1109b9" />
line 217: ...e_xchat_remove_as_group_admin_failed" id="0x7f110a30" />
line 219: ...e_xchat_resign_as_group_admin_failed" id="0x7f110a35" />
line 252: ...lite_xchat_add_as_group_admin_failed">Unable to add user as Admin</string>
line 255: ...e_xchat_remove_as_group_admin_failed">Unable to remove user as Admin</string>
line 257: ...e_xchat_resign_as_group_admin_failed">Unable to resign as Admin</string>
line 285: ...lite_xchat_add_as_group_admin_failed">Unable to add user as Admin</string>
line 288: ...e_xchat_remove_as_group_admin_failed">Unable to remove user as Admin</string>
line 290: ...e_xchat_resign_as_group_admin_failed">Unable to resign as Admin</string>
line 318: ...lite_xchat_add_as_group_admin_failed">[[292363]] Unable to add user as Admin</string>
line 321: ...e_xchat_remove_as_group_admin_failed">[[292364]] Unable to remove user as Admin</string>
line 323: ...e_xchat_resign_as_group_admin_failed">[[290265]] Unable to resign as Admin</string>

File: Search err.txt
line 19: line 106: ...request failed due to network errors"

File: Search limit.txt
line 188: line 3975: ...nection failed due to timeout limit reached."
line 921: line 20508: ...r by failed_config_fetch_time limit 1;"

File: Search pay.txt
line 214: ..._message_address_verification_failed" id="0x7f110660" />
line 215: ..._message_address_verification_failed" id="0x7f110660" />
line 218: ...d_error_message_authorization_failed" id="0x7f110662" />
line 219: ...d_error_message_authorization_failed" id="0x7f110662" />
line 220: ...ssage_cardholder_verification_failed" id="0x7f110663" />
line 221: ...ssage_cardholder_verification_failed" id="0x7f110663" />
line 226: ...ent_method_error_message_init_failed_message" id="0x7f110666" />
line 227: ...ent_method_error_message_init_failed_message" id="0x7f110666" />
line 228: ...method_error_message_internal_failure" id="0x7f110667" />
line 229: ...method_error_message_internal_failure" id="0x7f110667" />
line 240: ...hod_error_title_authorization_failed" id="0x7f11066d" />
line 241: ...hod_error_title_authorization_failed" id="0x7f11066d" />
line 246: ...yment_method_error_title_init_failed_title" id="0x7f110670" />
line 247: ...yment_method_error_title_init_failed_title" id="0x7f110670" />
line 248: ...t_method_error_title_internal_failure" id="0x7f110671" />
line 249: ...t_method_error_title_internal_failure" id="0x7f110671" />
line 383: ..._spend_physical_card_delivery_failed_subtitle" id="0x7f1106e4" />
line 384: ..._spend_physical_card_delivery_failed_title" id="0x7f1106e5" />
line 456: ...entity_verification_documents_failed_message" id="0x7f11072c" />
line 457: ...entity_verification_documents_failed_title" id="0x7f11072d" />
line 668: ...payment_unrestricted_us_state_failure_content_subtitle" id="0x7f1107f9" />
line 669: ...payment_unrestricted_us_state_failure_unknown_content_subtitle" id="0x7f1107fa" />
line 716: ...e="x_lite_payment_transaction_failed_compliance_check_message" id="0x7f110826" />
line 833: ...d_error_message_authorization_failed" id="0x7f110662" />
line 834: ...hod_error_title_authorization_failed" id="0x7f11066d" />
line 852: ...uthentication">Authentication failed</string>
line 853: ...d_error_message_authorization_failed">The information you entered does not match the card details.</str...
line 854: ...hod_error_title_authorization_failed">Unable to verify your card details</string>
line 872: ...on">[[295200]] Authentication failed</string>
line 873: ...d_error_message_authorization_failed">[[296819]] The information you entered does not match the card de...
line 874: ...hod_error_title_authorization_failed">[[296835]] Unable to verify your card details</string>
line 892: ...uthentication">Authentication failed</string>
line 893: ...d_error_message_authorization_failed">The information you entered does not match the card details.</st...
line 894: ...hod_error_title_authorization_failed">Unable to verify your card details</string>
line 995: ...uthentication">Authentication failed</string>
line 1011: ..._message_address_verification_failed">The card information you enter...
line 1012: ..._message_address_verification_failed">The card information you entered does not ...
line 1015: ...d_error_message_authorization_failed">The information you entered does not ...
line 1016: ...d_error_message_authorization_failed">The information you entered does not match the ca...
line 1017: ...ssage_cardholder_verification_failed">The card information you en...
line 1018: ...ssage_cardholder_verification_failed">The card information you entered does n...
line 1023: ...ent_method_error_message_init_failed_message">Please retry or contact support if the...
line 1024: ...ent_method_error_message_init_failed_message">Please retry or contact support if the problem per...
line 1025: ...method_error_message_internal_failure">Please retry or contact support if the pr...
line 1026: ...method_error_message_internal_failure">Please retry or contact support if the problem persis...
line 1037: ...hod_error_title_authorization_failed">Unable to verify your card details</str...
line 1038: ...hod_error_title_authorization_failed">Unable to verify your card details</string>
line 1043: ...yment_method_error_title_init_failed_title">Unable to establish a connection with our ...
line 1044: ...yment_method_error_title_init_failed_title">Unable to establish a connection with our banking part...
line 1045: ...t_method_error_title_internal_failure">Unable to establish a connection with your ...
line 1046: ...t_method_error_title_internal_failure">Unable to establish a connection with your card issuer<...
line 1183: ..._spend_physical_card_delivery_failed_subtitle">Re-order a new one today.</string>
line 1184: ..._spend_physical_card_delivery_failed_title">We were unable to deliver your card</string>
line 1223: ...subtitle">Wire transfers will fail if information is entered incorrectly...
line 1257: ...onflict_message">The transfer failed because a similar one was already sen...
line 1260: ...entity_verification_documents_failed_message">An issue occurred with our verification pro...
line 1261: ...entity_verification_documents_failed_title">Unable to verify your identity at this time</...
line 1280: ...ion_cooldown_active">Too many failed attempts. Please try again later.</string...
line 1327: ..._deposit_error_title">Deposit failed</string>
line 1342: ...hdraw_error_title">Withdrawal failed</string>
line 1383: ...eck_error_title">Mailed check failed</string>
line 1475: ...payment_unrestricted_us_state_failure_content_subtitle">Were not able to complete your identity verifica...
line 1476: ...payment_unrestricted_us_state_failure_unknown_content_subtitle">Were not able to complete your identity ...
line 1523: ...e="x_lite_payment_transaction_failed_compliance_check_message">Failed for compliance reasons</string>
line 1611: ...ayment_wire_error_title">Wire failed</string>
line 1645: ...on">[[295200]] Authentication failed</string>
line 1661: ..._message_address_verification_failed">[[296823]] The card informatio...
line 1662: ..._message_address_verification_failed">[[296823]] The card information you entere...
line 1665: ...d_error_message_authorization_failed">[[296819]] The information you entere...
line 1666: ...d_error_message_authorization_failed">[[296819]] The information you entered does not m...
line 1667: ...ssage_cardholder_verification_failed">[[296830]] The card informa...
line 1668: ...ssage_cardholder_verification_failed">[[296830]] The card information you ent...
line 1673: ...ent_method_error_message_init_failed_message">[[296832]] Please retry or contact sup...
line 1674: ...ent_method_error_message_init_failed_message">[[296832]] Please retry or contact support if the ...
line 1675: ...method_error_message_internal_failure">[[296826]] Please retry or contact suppor...
line 1676: ...method_error_message_internal_failure">[[296826]] Please retry or contact support if the pro...
line 1687: ...hod_error_title_authorization_failed">[[296835]] Unable to verify your card d...
line 1688: ...hod_error_title_authorization_failed">[[296835]] Unable to verify your card details</stri...
line 1693: ...yment_method_error_title_init_failed_title">[[296820]] Unable to establish a connectio...
line 1694: ...yment_method_error_title_init_failed_title">[[296820]] Unable to establish a connection with our b...
line 1695: ...t_method_error_title_internal_failure">[[296827]] Unable to establish a connection...
line 1696: ...t_method_error_title_internal_failure">[[296827]] Unable to establish a connection with your c...
line 1833: ..._spend_physical_card_delivery_failed_subtitle">[[298352]] Re-order a new one today.</string>
line 1834: ..._spend_physical_card_delivery_failed_title">[[298354]] We were unable to deliver your card</s...
line 1873: ...[297478]] Wire transfers will fail if information is entered ...
line 1907: ...sage">[[295010]] The transfer failed because a similar one was ...
line 1910: ...entity_verification_documents_failed_message">[[296758]] An issue occurred with our verif...
line 1911: ...entity_verification_documents_failed_title">[[296699]] Unable to verify your identity at ...
line 1930: ...n_active">[[294957]] Too many failed attempts. Please try again lat...
line 1977: ...ror_title">[[297352]] Deposit failed</string>
line 1992: ..._title">[[297346]] Withdrawal failed</string>
line 2033: ...itle">[[297433]] Mailed check failed</string>
line 2125: ...payment_unrestricted_us_state_failure_content_subtitle">[[295829]] Were not able to complete your identi...
line 2126: ...payment_unrestricted_us_state_failure_unknown_content_subtitle">[[295826]] Were not able to complete you...
line 2173: ...e="x_lite_payment_transaction_failed_compliance_check_message">[[298335]] Failed for compliance reasons</string>
line 2261: ..._error_title">[[296781]] Wire failed</string>
line 2295: ...uthentication">Authentication failed</string>
line 2311: ..._message_address_verification_failed">The card information you entered ...
line 2312: ..._message_address_verification_failed">The card information you entered does not ...
line 2315: ...d_error_message_authorization_failed">The information you entered does not mat...
line 2316: ...d_error_message_authorization_failed">The information you entered does not match the ca...
line 2317: ...ssage_cardholder_verification_failed">The card information you enter...
line 2318: ...ssage_cardholder_verification_failed">The card information you entered does n...
line 2323: ...ent_method_error_message_init_failed_message">Please retry or contact support if the pr...
line 2324: ...ent_method_error_message_init_failed_message">Please retry or contact support if the problem per...
line 2325: ...method_error_message_internal_failure">Please retry or contact support if the probl...
line 2326: ...method_error_message_internal_failure">Please retry or contact support if the problem persis...
line 2337: ...hod_error_title_authorization_failed">Unable to verify your card details</string...
line 2338: ...hod_error_title_authorization_failed">Unable to verify your card details</string>
line 2343: ...yment_method_error_title_init_failed_title">Unable to establish a connection with our ban...
line 2344: ...yment_method_error_title_init_failed_title">Unable to establish a connection with our banking part...
line 2345: ...t_method_error_title_internal_failure">Unable to establish a connection with your car...
line 2346: ...t_method_error_title_internal_failure">Unable to establish a connection with your card issuer<...
line 2483: ..._spend_physical_card_delivery_failed_subtitle">Re-order a new one today.</string>
line 2484: ..._spend_physical_card_delivery_failed_title">We were unable to deliver your card</string>
line 2523: ...subtitle">Wire transfers will fail if information is entered incorrectly.</...
line 2557: ...onflict_message">The transfer failed because a similar one was already sent. ...
line 2560: ...entity_verification_documents_failed_message">An issue occurred with our verification provid...
line 2561: ...entity_verification_documents_failed_title">Unable to verify your identity at this time</str...
line 2580: ...ion_cooldown_active">Too many failed attempts. Please try again later.</string>
line 2627: ..._deposit_error_title">Deposit failed</string>
line 2642: ...hdraw_error_title">Withdrawal failed</string>
line 2683: ...eck_error_title">Mailed check failed</string>
line 2775: ...payment_unrestricted_us_state_failure_content_subtitle">Were not able to complete your identity verificatio...
line 2776: ...payment_unrestricted_us_state_failure_unknown_content_subtitle">Were not able to complete your identity ver...
line 2823: ...e="x_lite_payment_transaction_failed_compliance_check_message">Failed for compliance reasons</string>
line 2911: ...ayment_wire_error_title">Wire failed</string>

File: Search securit.txt
line 409: line 336: ...ialization failed due to NULL security config"
line 421: line 600: ...ialization failed due to NULL security config"

File: Search side.txt
line 10: ...off. Consider filing a bug if fails consistently."

File: smali_classes3/com/x/thrift/onboarding/task/service/flows/subtasks/thriftjava/SingleSignOnSubtask.smali
line 234:     const-string v0, "failLink"
line 389:     const-string v0, "failLink"
line 663:     const-string v1, ", failLink="

File: smali_classes3/android/gov/nist/javax/sip/stack/SIPDialog$ACKWrapper.smali
line 161: ..."SIPDialog::resendAck:lastAck failed reparsing, hence not resending ACK"

File: smali_classes3/android/gov/nist/javax/sip/message/SIPResponse.smali
line 189: ...ring p0, "Conditional request failed"

File: smali_classes2/io/intercom/android/sdk/m5/conversation/utils/SoundPlayer.smali
line 271: .../android/sdk/R$raw;->intercom_failed:I

File: smali_classes2/io/intercom/android/sdk/lightcompressor/utils/StreamableVideo.smali
line 606:     const-string v2, "failed to read moov atom"

File: res/values-en-rIN/strings.xml
line 130: ...   <string name="exo_download_failed">Download failed</string>
line 130: ...exo_download_failed">Download failed</string>

File: res/values-en-rAU/strings.xml
line 130: ...   <string name="exo_download_failed">Download failed</string>
line 130: ...exo_download_failed">Download failed</string>

File: res/values-en-rGB/strings.xml
line 116: ...ng name="x_lite_add_highlight_failed">Failed added to Highlights.</string>
line 129: ...d_error_message">Image upload failed</string>
line 276: ...ng name="x_lite_dm_add_people_failure">These users cannot be added to this group.</string>
line 289: ...x_lite_dm_composer_attachment_failed">Unable to load attachment</string>
line 297: ... name="x_lite_dm_edit_message_failed">Edit failed. Please try again later.</string>
line 297: ..._dm_edit_message_failed">Edit failed. Please try again later.</string>
line 530: ...ages_leave_group_conversation_failed">Unable to leave conversation</string>
line 575: ...uthentication">Authentication failed</string>
line 588: ..._message_address_verification_failed">The card information you entered does not match your account details.</string>
line 590: ...d_error_message_authorization_failed">The information you entered does not match the card details.</string>
line 591: ...ssage_cardholder_verification_failed">The card information you entered does not match your account details.</string>
line 594: ...ent_method_error_message_init_failed_message">Please retry or contact support if the problem persists.</string>
line 595: ...method_error_message_internal_failure">Please retry or contact support if the problem persists.</string>
line 601: ...hod_error_title_authorization_failed">Unable to verify your card details</string>
line 604: ...yment_method_error_title_init_failed_title">Unable to establish a connection with our banking partner</string>
line 605: ...t_method_error_title_internal_failure">Unable to establish a connection with your card issuer</string>
line 720: ..._spend_physical_card_delivery_failed_subtitle">Re-order a new one today.</string>
line 721: ..._spend_physical_card_delivery_failed_title">We were unable to deliver your card</string>
line 757: ...subtitle">Wire transfers will fail if information is entered incorrectly.</string>
line 790: ...onflict_message">The transfer failed because a similar one was already sent. Check your recent transactions and try again if neede...
line 792: ...entity_verification_documents_failed_message">An issue occurred with our verification provider. Please try again later.</string>
line 793: ...entity_verification_documents_failed_title">Unable to verify your identity at this time</string>
line 811: ...ion_cooldown_active">Too many failed attempts. Please try again later.</string>
line 856: ..._deposit_error_title">Deposit failed</string>
line 867: ...hdraw_error_title">Withdrawal failed</string>
line 907: ...eck_error_title">Mailed check failed</string>
line 999: ...payment_unrestricted_us_state_failure_content_subtitle">Were not able to complete your identity verification until X Money become...
line 1000: ...payment_unrestricted_us_state_failure_unknown_content_subtitle">Were not able to complete your identity verification until X Mone...
line 1044: ...e="x_lite_payment_transaction_failed_compliance_check_message">Failed for compliance reasons</string>
line 1123: ...ayment_wire_error_title">Wire failed</string>
line 1152: ... <string name="x_lite_pinning_failed_message">Failed to pin this post. Please try again later</string>
line 1189: ...name="x_lite_remove_highlight_failed">Failed to removed from Highlights.</string>
line 1313: ...me="x_lite_transaction_status_failed">Failed</string>
line 1343: ...tring name="x_lite_tweet_load_failed">Failed to load post.</string>
line 1368: ...string name="x_lite_unpinning_failed_message">Failed to unpin this post. Please try again later</string>
line 1448: ...lite_xchat_add_as_group_admin_failed">Unable to add user as Admin</string>
line 1449: ...name="x_lite_xchat_add_people_failure_too_large">Maximum number of group participants reached</string>
line 1450: ...me="x_lite_xchat_add_to_group_failed">Unable to add user to group</string>
line 1454: ...name="x_lite_xchat_attachment_failed_to_download">Failed to download</string>
line 1471: ...lite_xchat_create_conversaton_failed">Unable to start conversation.</string>
line 1476: ...ite_xchat_delete_conversation_failed">Unable to delete conversation</string>
line 1492: ...   <string name="x_lite_xchat_failed_pin_conversation_message">Failed to pin conversation</string>
line 1493: ...   <string name="x_lite_xchat_failed_select_group_avatar_message">Failed to select group photo</string>
line 1494: ...   <string name="x_lite_xchat_failed_unpin_conversation_message">Failed to unpin conversation</string>
line 1497: ...group_accept_invite_submitted_failed">Unable to accept this invite</string>
line 1507: ...vite_link_request_to_join_btn_failed">Try again</string>
line 1519: ...ebox_error_key_reconstruction_failed">Unable to recover your keys. We are looking into it.</string>
line 1522: ...cebox_error_public_keys_fetch_failed">Unable to communicate with server. Please check your network connection and try again.</stri...
line 1531: ...ng name="x_lite_xchat_message_failed_to_send">Message failed to send</string>
line 1531: ...ssage_failed_to_send">Message failed to send</string>
line 1537: ...me="x_lite_xchat_message_user_failed">Unable to message user</string>
line 1566: ...te_xchat_readonly_latest_ckey_failure">There was an issue with your encryption keys.</string>
line 1567: ...e_xchat_remove_as_group_admin_failed">Unable to remove user as Admin</string>
line 1568: ..._lite_xchat_remove_from_group_failed">Unable to remove user from group</string>
line 1572: ...e_xchat_resign_as_group_admin_failed">Unable to resign as Admin</string>
line 1602: ...me="x_lite_xchat_update_group_failed">Unable to update group.</string>
line 1668: ...   <string name="exo_download_failed">Download failed</string>
line 1668: ...exo_download_failed">Download failed</string>

File: res/values-en-rXA/strings.xml
line 16: ...ng name="x_lite_add_highlight_failed">[[276155]] Failed added to Highlights.</string>
line 29: ...sage">[[297877]] Image upload failed</string>
line 175: ...ng name="x_lite_dm_add_people_failure">[[58810]] These users cannot be added to this group.</string>
line 188: ...x_lite_dm_composer_attachment_failed">[[295206]] Unable to load attachment</string>
line 196: ... name="x_lite_dm_edit_message_failed">[[289575]] Edit failed. Please try again later.</string>
line 196: ...ssage_failed">[[289575]] Edit failed. Please try again later.</string>
line 429: ...ages_leave_group_conversation_failed">[[290266]] Unable to leave conversation</string>
line 474: ...on">[[295200]] Authentication failed</string>
line 487: ..._message_address_verification_failed">[[296823]] The card information you entered does not match your account details.</string>
line 489: ...d_error_message_authorization_failed">[[296819]] The information you entered does not match the card details.</string>
line 490: ...ssage_cardholder_verification_failed">[[296830]] The card information you entered does not match your account details.</string>
line 493: ...ent_method_error_message_init_failed_message">[[296832]] Please retry or contact support if the problem persists.</string>
line 494: ...method_error_message_internal_failure">[[296826]] Please retry or contact support if the problem persists.</string>
line 500: ...hod_error_title_authorization_failed">[[296835]] Unable to verify your card details</string>
line 503: ...yment_method_error_title_init_failed_title">[[296820]] Unable to establish a connection with our banking partner</string>
line 504: ...t_method_error_title_internal_failure">[[296827]] Unable to establish a connection with your card issuer</string>
line 619: ..._spend_physical_card_delivery_failed_subtitle">[[298352]] Re-order a new one today.</string>
line 620: ..._spend_physical_card_delivery_failed_title">[[298354]] We were unable to deliver your card</string>
line 656: ...[297478]] Wire transfers will fail if information is entered incorrectly.</string>
line 689: ...sage">[[295010]] The transfer failed because a similar one was already sent. Check your recent transactions and try again if neede...
line 691: ...entity_verification_documents_failed_message">[[296758]] An issue occurred with our verification provider. Please try again later....
line 692: ...entity_verification_documents_failed_title">[[296699]] Unable to verify your identity at this time</string>
line 710: ...n_active">[[294957]] Too many failed attempts. Please try again later.</string>
line 755: ...ror_title">[[297352]] Deposit failed</string>
line 766: ..._title">[[297346]] Withdrawal failed</string>
line 806: ...itle">[[297433]] Mailed check failed</string>
line 898: ...payment_unrestricted_us_state_failure_content_subtitle">[[295829]] Were not able to complete your identity verification until X M...
line 899: ...payment_unrestricted_us_state_failure_unknown_content_subtitle">[[295826]] Were not able to complete your identity verification u...
line 943: ...e="x_lite_payment_transaction_failed_compliance_check_message">[[298335]] Failed for compliance reasons</string>
line 1022: ..._error_title">[[296781]] Wire failed</string>
line 1051: ... <string name="x_lite_pinning_failed_message">[[280251]] Failed to pin this post. Please try again later</string>
line 1088: ...name="x_lite_remove_highlight_failed">[[276152]] Failed to removed from Highlights.</string>
line 1212: ...me="x_lite_transaction_status_failed">[[295127]] Failed</string>
line 1242: ...tring name="x_lite_tweet_load_failed">[[276982]] Failed to load post.</string>
line 1267: ...string name="x_lite_unpinning_failed_message">[[280256]] Failed to unpin this post. Please try again later</string>
line 1347: ...lite_xchat_add_as_group_admin_failed">[[292363]] Unable to add user as Admin</string>
line 1348: ...name="x_lite_xchat_add_people_failure_too_large">[[293949]] Maximum number of group participants reached</string>
line 1349: ...me="x_lite_xchat_add_to_group_failed">[[294739]] Unable to add user to group</string>
line 1353: ...name="x_lite_xchat_attachment_failed_to_download">[[292757]] Failed to download</string>
line 1370: ...lite_xchat_create_conversaton_failed">[[290237]] Unable to start conversation.</string>
line 1375: ...ite_xchat_delete_conversation_failed">[[292075]] Unable to delete conversation</string>
line 1391: ...   <string name="x_lite_xchat_failed_pin_conversation_message">[[296386]] Failed to pin conversation</string>
line 1392: ...   <string name="x_lite_xchat_failed_select_group_avatar_message">[[297192]] Failed to select group photo</string>
line 1393: ...   <string name="x_lite_xchat_failed_unpin_conversation_message">[[296385]] Failed to unpin conversation</string>
line 1396: ...group_accept_invite_submitted_failed">[[294742]] Unable to accept this invite</string>
line 1406: ...vite_link_request_to_join_btn_failed">[[294745]] Try again</string>
line 1418: ...ebox_error_key_reconstruction_failed">[[290229]] Unable to recover your keys. We are looking into it.</string>
line 1421: ...cebox_error_public_keys_fetch_failed">[[290228]] Unable to communicate with server. Please check your network connection and try a...
line 1430: ...ng name="x_lite_xchat_message_failed_to_send">[[292840]] Message failed to send</string>
line 1430: ...d_to_send">[[292840]] Message failed to send</string>
line 1436: ...me="x_lite_xchat_message_user_failed">[[297697]] Unable to message user</string>
line 1465: ...te_xchat_readonly_latest_ckey_failure">[[295447]] There was an issue with your encryption keys.</string>
line 1466: ...e_xchat_remove_as_group_admin_failed">[[292364]] Unable to remove user as Admin</string>
line 1467: ..._lite_xchat_remove_from_group_failed">[[292362]] Unable to remove user from group</string>
line 1471: ...e_xchat_resign_as_group_admin_failed">[[290265]] Unable to resign as Admin</string>
line 1501: ...me="x_lite_xchat_update_group_failed">[[292664]] Unable to update group.</string>

File: res/values/strings.xml
line 30: ...ng_dialog_title">Verification failed</string>
line 75: 	<string name="download_failed">Download failed</string>
line 75: ...me="download_failed">Download failed</string>
line 94: 	<string name="error_fail_to_moderated_upload_description">Server error during moderation. Try again.</string>
line 102: ...ted_upload_title">File upload failed</string>
line 119: ...rror_unknown_host">Connection failed. Check network connection and try again.</string>
line 150: 	<string name="exo_download_failed">Download failed</string>
line 150: ...exo_download_failed">Download failed</string>
line 185: 	<string name="generic_fetch_failure_description">Please try again later</string>
line 186: 	<string name="generic_fetch_failure_title">Unable to load</string>
line 213: ...string name="grok_credentials_failed">Failed to generate credentials. Please try again later.</string>
line 341: ...="grok_login_mfa_load_devices_failed">Failed to load authentication methods. Please try again.</string>
line 344: ...="grok_login_mfa_verification_failed">Verification failed. Please check your code and try again.</string>
line 344: ...fication_failed">Verification failed. Please check your code and try again.</string>
line 440: ...tring name="grok_tasks_status_failed">Error</string>
line 467: ...neric_error">Video generation failed. Please try again.</string>
line 645: 	<string name="intercom_failed_delivery">Couldn\'t deliver the message</string>
line 646: 	<string name="intercom_failed_to_load_conversation">Couldn\'t load your conversations</string>
line 647: 	<string name="intercom_failed_to_load_tickets">Couldn\'t load your tickets</string>
line 648: 	<string name="intercom_failed_to_load_tickets_with_app">Couldn\'t load your tickets with {app_name}</string>
line 649: 	<string name="intercom_failed_to_send">Couldn\'t send</string>
line 651: ...ng name="intercom_file_access_failed">Can\'t access that file</string>
line 688: ...string name="intercom_message_failed_try_again">Couldn\'t send, tap to retry</string>
line 784: ...ng name="intercom_some_things_failed_to_load">Some things failed to load. Try again.</string>
line 784: ...s_failed_to_load">Some things failed to load. Try again.</string>
line 955: ...<string name="intercom_upload_failed">Upload failed</string>
line 955: ...ntercom_upload_failed">Upload failed</string>
line 1031: 	<string name="purchase_failed">Purchase failed</string>
line 1031: ...me="purchase_failed">Purchase failed</string>
line 1105: ...ng name="x_lite_add_highlight_failed">Failed added to Highlights.</string>
line 1118: ...d_error_message">Image upload failed</string>
line 1264: ...ng name="x_lite_dm_add_people_failure">These users cannot be added to this group.</string>
line 1277: ...x_lite_dm_composer_attachment_failed">Unable to load attachment</string>
line 1285: ... name="x_lite_dm_edit_message_failed">Edit failed. Please try again later.</string>
line 1285: ..._dm_edit_message_failed">Edit failed. Please try again later.</string>
line 1518: ...ages_leave_group_conversation_failed">Unable to leave conversation</string>
line 1565: ...uthentication">Authentication failed</string>
line 1578: ..._message_address_verification_failed">The card information you entered does not match your account details.</string>
line 1580: ...d_error_message_authorization_failed">The information you entered does not match the card details.</string>
line 1581: ...ssage_cardholder_verification_failed">The card information you entered does not match your account details.</string>
line 1584: ...ent_method_error_message_init_failed_message">Please retry or contact support if the problem persists.</string>
line 1585: ...method_error_message_internal_failure">Please retry or contact support if the problem persists.</string>
line 1591: ...hod_error_title_authorization_failed">Unable to verify your card details</string>
line 1594: ...yment_method_error_title_init_failed_title">Unable to establish a connection with our banking partner</string>
line 1595: ...t_method_error_title_internal_failure">Unable to establish a connection with your card issuer</string>
line 1710: ..._spend_physical_card_delivery_failed_subtitle">Re-order a new one today.</string>
line 1711: ..._spend_physical_card_delivery_failed_title">We were unable to deliver your card</string>
line 1747: ...subtitle">Wire transfers will fail if information is entered incorrectly.</string>
line 1780: ...onflict_message">The transfer failed because a similar one was already sent. Check your recent transactions and try again if neede...
line 1782: ...entity_verification_documents_failed_message">An issue occurred with our verification provider. Please try again later.</string>
line 1783: ...entity_verification_documents_failed_title">Unable to verify your identity at this time</string>
line 1801: ...ion_cooldown_active">Too many failed attempts. Please try again later.</string>
line 1846: ..._deposit_error_title">Deposit failed</string>
line 1857: ...hdraw_error_title">Withdrawal failed</string>
line 1895: ...eck_error_title">Mailed check failed</string>
line 1987: ...payment_unrestricted_us_state_failure_content_subtitle">Were not able to complete your identity verification until X Money become...
line 1988: ...payment_unrestricted_us_state_failure_unknown_content_subtitle">Were not able to complete your identity verification until X Mone...
line 2032: ...e="x_lite_payment_transaction_failed_compliance_check_message">Failed for compliance reasons</string>
line 2111: ...ayment_wire_error_title">Wire failed</string>
line 2140: ...	<string name="x_lite_pinning_failed_message">Failed to pin this post. Please try again later</string>
line 2177: ...name="x_lite_remove_highlight_failed">Failed to removed from Highlights.</string>
line 2301: ...me="x_lite_transaction_status_failed">Failed</string>
line 2331: ...tring name="x_lite_tweet_load_failed">Failed to load post.</string>
line 2356: ...string name="x_lite_unpinning_failed_message">Failed to unpin this post. Please try again later</string>
line 2435: ...lite_xchat_add_as_group_admin_failed">Unable to add user as Admin</string>
line 2436: ...name="x_lite_xchat_add_people_failure_too_large">Maximum number of group participants reached</string>
line 2437: ...me="x_lite_xchat_add_to_group_failed">Unable to add user to group</string>
line 2441: ...name="x_lite_xchat_attachment_failed_to_download">Failed to download</string>
line 2458: ...lite_xchat_create_conversaton_failed">Unable to start conversation.</string>
line 2463: ...ite_xchat_delete_conversation_failed">Unable to delete conversation</string>
line 2479: 	<string name="x_lite_xchat_failed_pin_conversation_message">Failed to pin conversation</string>
line 2480: 	<string name="x_lite_xchat_failed_select_group_avatar_message">Failed to select group photo</string>
line 2481: 	<string name="x_lite_xchat_failed_unpin_conversation_message">Failed to unpin conversation</string>
line 2484: ...group_accept_invite_submitted_failed">Unable to accept this invite</string>
line 2494: ...vite_link_request_to_join_btn_failed">Try again</string>
line 2506: ...ebox_error_key_reconstruction_failed">Unable to recover your keys. We are looking into it.</string>
line 2509: ...cebox_error_public_keys_fetch_failed">Unable to communicate with server. Please check your network connection and try again.</stri...
line 2518: ...ng name="x_lite_xchat_message_failed_to_send">Message failed to send</string>
line 2518: ...ssage_failed_to_send">Message failed to send</string>
line 2524: ...me="x_lite_xchat_message_user_failed">Unable to message user</string>
line 2553: ...te_xchat_readonly_latest_ckey_failure">There was an issue with your encryption keys.</string>
line 2554: ...e_xchat_remove_as_group_admin_failed">Unable to remove user as Admin</string>
line 2555: ..._lite_xchat_remove_from_group_failed">Unable to remove user from group</string>
line 2559: ...e_xchat_resign_as_group_admin_failed">Unable to resign as Admin</string>
line 2589: ...me="x_lite_xchat_update_group_failed">Unable to update group.</string>

File: smali_classes2/livekit/org/webrtc/SurfaceTextureHelper$1.smali
line 121: ...    const-string v1, " create failure"

File: smali_classes2/io/intercom/android/sdk/api/SurveyApi.smali
line 76: ... value = "surveys/{survey_id}/failure"

File: smali_classes3/com/google/android/gms/internal/measurement/t.1.smali
line 816: ...ng v3, "ContentProvider query failed"

File: smali_classes3/B5/t.smali
line 44: ...onst-string v1, "Decoder init failed: ["

File: smali/T4/T.smali
line 190:     const-string v0, "Check failed."

File: smali_classes3/android/gov/nist/javax/sip/stack/TCPMessageChannel.smali
line 1095: ...fferent than the port we just failed on"
line 1761: ...fferent than the port we just failed on"

File: smali_classes2/io/intercom/android/sdk/lightcompressor/video/TextureRenderer.smali
line 626:     const-string v1, "failed creating program"

File: smali_classes3/android/gov/nist/core/ThreadAuditor.smali
line 130:     const-string v3, "] has failed to respond to an audit request.\n"

File: smali_classes2/io/intercom/android/sdk/tickets/list/reducers/TicketsListReducerKt.smali
line 248: ...droid/sdk/R$string;->intercom_failed_to_load_tickets:I
line 285: ...droid/sdk/R$string;->intercom_failed_to_load_tickets:I

File: smali_classes3/android/gov/nist/javax/sip/stack/TLSMessageChannel.smali
line 1204: ...fferent than the port we just failed on, rcv addr="
line 1850: ...fferent than the port we just failed on"

File: smali/androidx/datastore/preferences/protobuf/u.1.smali
line 109: ... "Class initialization cannot fail."

File: smali/kf/u.smali
line 224: ...-string v0, "Settings request failed; (status: "

File: smali/com/google/firebase/messaging/u.smali
line 146: ...t-string v2, "Token retrieval failed: null"
line 179: ...t-string v2, "Token retrieval failed with SecurityException. Will retry token retrieval"
line 223: ...t-string v2, "Token retrieval failed without exception message. Will retry token retrieval"
line 236: ...t-string v4, "Token retrieval failed: "
line 262: ...Topic sync or token retrieval failed on hard failure exceptions: "
line 262: ...oken retrieval failed on hard failure exceptions: "

File: smali_classes2/ce/U0.smali
line 5521:     const-string v3, "failed to validate connection"
line 5532: ...  const-string v2, "websocket failure: "
line 5671: ...  const-string v0, "websocket failure"

File: smali_classes3/B6/v.1.smali
line 2309:     const-string v4, "failed_client_id"
line 2319:     const-string v5, "failed_status"
line 2323:     const-string v4, "failed_resolution"

File: smali_classes3/t1.1/v.1.smali
line 483:     const-string v2, " failed with "

File: smali_classes3/B5/v.smali
line 3581: ...onst-string v5, "Decoder init failed: "

File: smali/i/v.smali
line 2757: ...ing v3, "updateXSubscriptions failed: "

File: smali_classes3/D9/V0.smali
line 108: ...const-string v0, "Permanently failed to retrieve Deferred Deep Link. Reached maximum retries."

File: smali_classes2/io/intercom/android/sdk/survey/block/VideoFileBlockKt.smali
line 206: ...rawable;->intercom_image_load_failed:I

File: smali_classes3/B1/w.1.smali
line 1836: ...const-string v8, "Parsing IDX failed"

File: smali_classes3/t1.1/W.smali
line 96:     const-string p2, "failure"

File: smali_classes3/cd/W1.smali
line 39:     const-string v0, "failLink"

File: smali_classes3/com/x/thrift/onboarding/task/service/flows/subtasks/thriftjava/WebModalSubtask.smali
line 154:     const-string v0, "failLink"
line 232:     const-string v0, "failLink"
line 423:     const-string v1, ", failLink="

File: smali_classes2/livekit/org/webrtc/audio/WebRtcAudioRecord$AudioRecordThread.smali
line 229: ..., "AudioRecord.startRecording failed: "
line 266: ..., "AudioRecord.startRecording failed - incorrect state: "
line 408: ...-string v7, "AudioRecord.read failed: "
line 671: ...-string v5, "AudioRecord.stop failed: "

File: smali_classes2/livekit/org/webrtc/audio/WebRtcAudioRecord.smali
line 797: ..."AudioRecord.getMinBufferSize failed: "
line 987: ...tialization of audio recorder failed."
line 2226: ..., "AudioRecord.startRecording failed: "
line 2228: ..., "AudioRecord.startRecording failed - incorrect state: "
line 3168: ...tring p1, "setPreferredDevice failed"

File: smali_classes2/livekit/org/webrtc/audio/WebRtcAudioTrack$AudioTrackThread.smali
line 246: ...-string v6, "AudioTrack.write failed: "

File: smali_classes2/livekit/org/webrtc/audio/WebRtcAudioTrack.smali
line 871: ...Initialization of audio track failed."
line 1372: ...t-string v3, "AudioTrack.play failed - incorrect state :"
line 1406: ...t-string v3, "AudioTrack.play failed: "
line 1532: ...t-string v4, "AudioTrack.stop failed: "

File: smali/c0.1/X.smali
line 150: ...-string p3, "Video generation failed for "

File: smali_classes3/D9/X0.smali
line 3309: ...t-string v1, "Downstream node failed to provide Surface. Target: "
line 3311: ... v2, "Downstream VideoCapture failed to provide Surface."
line 3534: ...ing v3, "registerTriggerAsync failed. Dropping URI. App ID, Throwable"
line 3595: ...ing v1, "registerTriggerAsync failed. May try later. App ID, throwable"
line 3636: ...ing v6, "registerTriggerAsync failed. App ID, delay in seconds, throwable"
line 3696: ...ing v4, "registerTriggerAsync failed with retriable error. Will try later. App ID, throwable"

File: smali_classes2/ce/y.1.smali
line 901:     const-string v3, " type failed, falling back to unmodified."
line 1090:     const-string v2, " type failed!"

File: smali/T2/y.1.smali
line 4331:     const-string v1, "Check failed"

File: smali_classes3/e8.1/y.smali
line 213: ...tring p2, "Failed parsing Api failure."

File: smali/com/google/firebase/messaging/y.smali
line 671: ...t-string v0, "Topic operation failed without exception message. Will retry Topic operation."
line 684: ...t-string v2, "Topic operation failed: "

File: smali/D9/y1.1.smali
line 370:     const-string v4, "failed a run in "

File: smali/I2/z.1.smali
line 600:     const-string v0, "delete failed: "

File: smali_classes3/e9.1/z.smali
line 42: ...ring v1, "Exception reporting failure"
line 92: ...ring v1, "Exception reporting failure"

File: smali_classes3/D9/z0.1.smali
line 357: ...st-string v15, "getPurchase() failed. Response code: "

